info  Running SUSHI v3.16.5 (implements FHIR Shorthand specification v3.0.0)
info  Arguments:
info    --snapshot
info    P:\source\repos\rki.emiga.vzd\rki.emiga.vzdR6
info  No output path specified. Output to P:\source\repos\rki.emiga.vzd\rki.emiga.vzdR6
info  Using configuration file: P:\source\repos\rki.emiga.vzd\rki.emiga.vzdR6\sushi-config.yaml
info  Importing FSH text...
info  Preprocessed 78 documents with 69 aliases.
info  Imported 46 definitions and 30 instances.
warn  Detected FSH entity definitions with duplicate names. While FSH allows for duplicate names across entity types, they can lead to ambiguous results when referring to these entities by name elsewhere (e.g., in references). Consider using unique names in FSH declarations and assigning duplicated names using caret assignment rules instead. Detected duplicate names: HealthcareServiceCategory, HealthcareServiceDutyHours, HealthcareServiceSpecialty, IneKFacilityType, OrganizationType, OrgVBundleId, OrgVBundleVersion, PractitionerRole, ResponsibilityType.
warn  SUSHI support for pre-release versions of FHIR is experimental. Use at your own risk!
warn  Failed to load automatically-provided hl7.fhir.uv.tools.r5#latest
warn  Failed to load automatically-provided hl7.terminology.r5#latest
warn  Failed to load automatically-provided hl7.fhir.uv.extensions.r5#latest
info  Loaded de.basisprofil.r4#1.5.4 with 168 resources
info  Loaded rki.demis.common#2.0.0 with 50 resources
info  Loaded rki.emiga.common#1.2.0-alpha.20 with 49 resources
info  Loaded hl7.fhir.r6.core#6.0.0-ballot3 with 0 resources
info  Loaded virtual package sushi-local#LOCAL with 0 resources
error Valid StructureDefinition resource not found. The FHIR package in your local cache may be corrupt. Local FHIR cache can be found at <home-directory>/.fhir/packages. For more information, see https://wiki.hl7.org/FHIR_Package_Cache#Location.
