info  Running SUSHI v3.16.5 (implements FHIR Shorthand specification v3.0.0)
info  Arguments:
info    --snapshot
info    P:\source\repos\rki.emiga.vzd\rki.emiga.vzdR6
info  No output path specified. Output to P:\source\repos\rki.emiga.vzd\rki.emiga.vzdR6
info  Using configuration file: P:\source\repos\rki.emiga.vzd\rki.emiga.vzdR6\sushi-config.yaml
info  Importing FSH text...
info  Preprocessed 78 documents with 69 aliases.
info  Imported 46 definitions and 30 instances.
warn  Detected FSH entity definitions with duplicate names. While FSH allows for duplicate names across entity types, they can lead to ambiguous results when referring to these entities by name elsewhere (e.g., in references). Consider using unique names in FSH declarations and assigning duplicated names using caret assignment rules instead. Detected duplicate names: HealthcareServiceCategory, HealthcareServiceDutyHours, HealthcareServiceSpecialty, IneKFacilityType, OrganizationType, OrgVBundleId, OrgVBundleVersion, PractitionerRole, ResponsibilityType.
warn  SUSHI support for pre-release versions of FHIR is experimental. Use at your own risk!
warn  Failed to load automatically-provided hl7.fhir.uv.tools.r5#latest
warn  Failed to load automatically-provided hl7.terminology.r5#latest
warn  Failed to load automatically-provided hl7.fhir.uv.extensions.r5#latest
info  Loaded de.basisprofil.r4#1.5.4 with 168 resources
info  Loaded rki.demis.common#2.0.0 with 50 resources
info  Loaded rki.emiga.common#1.2.0-alpha.20 with 49 resources
info  Loaded hl7.fhir.r6.core#6.0.0-ballot3 with 3113 resources
info  Loaded virtual package sushi-local#LOCAL with 0 resources
info  Converting FSH to FHIR resources...
warn  SUSHI tried to find profile http://hl7.org/fhir/StructureDefinition/iso21090-ADXP-precinct but could not find it and instead will try to use Extension
warn  SUSHI tried to find profile http://hl7.org/fhir/StructureDefinition/iso21090-ADXP-streetName but could not find it and instead will try to use Extension
warn  SUSHI tried to find profile http://hl7.org/fhir/StructureDefinition/iso21090-ADXP-houseNumber but could not find it and instead will try to use Extension
warn  SUSHI tried to find profile http://hl7.org/fhir/StructureDefinition/iso21090-ADXP-additionalLocator but could not find it and instead will try to use Extension
warn  SUSHI tried to find profile http://hl7.org/fhir/StructureDefinition/iso21090-ADXP-postBox but could not find it and instead will try to use Extension
warn  SUSHI tried to find profile http://hl7.org/fhir/StructureDefinition/iso21090-ADXP-precinct but could not find it and instead will try to use Extension
warn  SUSHI tried to find profile http://hl7.org/fhir/StructureDefinition/iso21090-ADXP-streetName but could not find it and instead will try to use Extension
warn  SUSHI tried to find profile http://hl7.org/fhir/StructureDefinition/iso21090-ADXP-houseNumber but could not find it and instead will try to use Extension
warn  SUSHI tried to find profile http://hl7.org/fhir/StructureDefinition/iso21090-ADXP-additionalLocator but could not find it and instead will try to use Extension
warn  SUSHI tried to find profile http://hl7.org/fhir/StructureDefinition/iso21090-ADXP-postBox but could not find it and instead will try to use Extension
warn  SUSHI tried to find profile http://hl7.org/fhir/StructureDefinition/iso21090-ADXP-precinct but could not find it and instead will try to use Extension
warn  SUSHI tried to find profile http://hl7.org/fhir/StructureDefinition/iso21090-ADXP-streetName but could not find it and instead will try to use Extension
warn  SUSHI tried to find profile http://hl7.org/fhir/StructureDefinition/iso21090-ADXP-houseNumber but could not find it and instead will try to use Extension
warn  SUSHI tried to find profile http://hl7.org/fhir/StructureDefinition/iso21090-ADXP-additionalLocator but could not find it and instead will try to use Extension
warn  SUSHI tried to find profile http://hl7.org/fhir/StructureDefinition/iso21090-ADXP-postBox but could not find it and instead will try to use Extension
warn  SUSHI tried to find profile http://hl7.org/fhir/StructureDefinition/iso21090-ADXP-precinct but could not find it and instead will try to use Extension
warn  SUSHI tried to find profile http://hl7.org/fhir/StructureDefinition/iso21090-ADXP-streetName but could not find it and instead will try to use Extension
warn  SUSHI tried to find profile http://hl7.org/fhir/StructureDefinition/iso21090-ADXP-houseNumber but could not find it and instead will try to use Extension
warn  SUSHI tried to find profile http://hl7.org/fhir/StructureDefinition/iso21090-ADXP-additionalLocator but could not find it and instead will try to use Extension
warn  SUSHI tried to find profile http://hl7.org/fhir/StructureDefinition/iso21090-ADXP-postBox but could not find it and instead will try to use Extension
warn  SUSHI tried to find profile http://hl7.org/fhir/StructureDefinition/humanname-own-name but could not find it and instead will try to use Extension
warn  SUSHI tried to find profile http://hl7.org/fhir/StructureDefinition/humanname-own-prefix but could not find it and instead will try to use Extension
warn  SUSHI tried to find profile http://hl7.org/fhir/StructureDefinition/iso21090-ADXP-precinct but could not find it and instead will try to use Extension
warn  SUSHI tried to find profile http://hl7.org/fhir/StructureDefinition/iso21090-ADXP-streetName but could not find it and instead will try to use Extension
warn  SUSHI tried to find profile http://hl7.org/fhir/StructureDefinition/iso21090-ADXP-houseNumber but could not find it and instead will try to use Extension
warn  SUSHI tried to find profile http://hl7.org/fhir/StructureDefinition/iso21090-ADXP-additionalLocator but could not find it and instead will try to use Extension
warn  SUSHI tried to find profile http://hl7.org/fhir/StructureDefinition/iso21090-ADXP-postBox but could not find it and instead will try to use Extension
info  Converted 21 FHIR StructureDefinitions.
info  Converted 9 FHIR CodeSystems.
info  Converted 16 FHIR ValueSets.
warn  SUSHI tried to find profile http://hl7.org/fhir/StructureDefinition/iso21090-ADXP-streetName but could not find it and instead will try to use Extension
warn  SUSHI tried to find profile http://hl7.org/fhir/StructureDefinition/iso21090-ADXP-houseNumber but could not find it and instead will try to use Extension
info  Converted 30 FHIR instances.
info  Exporting FHIR resources as JSON...
info  Exported 76 FHIR resources as JSON.
info  Assembling Implementation Guide sources...
info  Generated ImplementationGuide-rki.emiga.vzd.json
info  Assembled Implementation Guide sources; ready for IG Publisher.
info  The sample-ig located at https://github.com/FHIR/sample-ig contains scripts useful for downloading and running the IG Publisher.

========================= SUSHI RESULTS ===========================
|  -------------------------------------------------------------  |
| |    Profiles   |  Extensions  |   Logicals   |   Resources   | |
| |-------------------------------------------------------------| |
| |      16       |      5       |      0       |       0       | |
|  -------------------------------------------------------------  |
|  -------------------------------------------------------------  |
| |      ValueSets     |    CodeSystems    |     Instances      | |
| |-------------------------------------------------------------| |
| |         16         |         9         |         30         | |
|  -------------------------------------------------------------  |
|                                                                 |
===================================================================
| Are you in a no-wind situation?        0 Errors     34 Warnings |
===================================================================
|    You are using SUSHI version 3.16.5, but the latest stable    |
| release is version 3.19.0. To install the latest release, run:  |
|                    npm install -g fsh-sushi                     |
===================================================================

